androidApp/build/intermediates/manifest_merge_blame_file/debug/manifest-merger-blame-debug-report.txt
1<?xml version="1.0" encoding="utf-8"?>
2<manifest xmlns:android="http://schemas.android.com/apk/res/android"
3    package="com.mrea.dailyquote.androidApp"
4    android:versionCode="1"
5    android:versionName="1.0" >
6
7    <uses-sdk
8        android:minSdkVersion="24"
8-->src/main/AndroidManifest.xml
9        android:targetSdkVersion="30" />
9-->src/main/AndroidManifest.xml
10
11    <uses-permission android:name="android.permission.REORDER_TASKS" />
11-->[androidx.test:core:1.3.0] AndroidManifest.xml:24:5-72
11-->[androidx.test:core:1.3.0] AndroidManifest.xml:24:22-69
12
13    <application
13-->src/main/AndroidManifest.xml:5:5-16:19
14        android:name="com.mrea.dailyquote.androidApp.QuoteApp"
14-->src/main/AndroidManifest.xml:6:9-33
15        android:allowBackup="false"
15-->src/main/AndroidManifest.xml:7:9-36
16        android:appComponentFactory="androidx.core.app.CoreComponentFactory"
16-->[androidx.core:core:1.5.0-beta01] AndroidManifest.xml:24:18-86
17        android:debuggable="true"
18        android:extractNativeLibs="false"
19        android:supportsRtl="true"
19-->src/main/AndroidManifest.xml:8:9-35
20        android:testOnly="true"
21        android:theme="@style/AppTheme" >
21-->src/main/AndroidManifest.xml:9:9-40
22        <activity android:name="com.mrea.dailyquote.androidApp.MainActivity" >
22-->src/main/AndroidManifest.xml:10:9-15:20
22-->src/main/AndroidManifest.xml:10:19-47
23            <intent-filter>
23-->src/main/AndroidManifest.xml:11:13-14:29
24                <action android:name="android.intent.action.MAIN" />
24-->src/main/AndroidManifest.xml:12:17-69
24-->src/main/AndroidManifest.xml:12:25-66
25
26                <category android:name="android.intent.category.LAUNCHER" />
26-->src/main/AndroidManifest.xml:13:17-77
26-->src/main/AndroidManifest.xml:13:27-74
27            </intent-filter>
28        </activity>
29        <activity
29-->[androidx.compose.ui:ui-tooling:1.0.0-beta01] AndroidManifest.xml:25:9-27:39
30            android:name="androidx.compose.ui.tooling.preview.PreviewActivity"
30-->[androidx.compose.ui:ui-tooling:1.0.0-beta01] AndroidManifest.xml:26:13-79
31            android:exported="true" />
31-->[androidx.compose.ui:ui-tooling:1.0.0-beta01] AndroidManifest.xml:27:13-36
32        <activity
32-->[androidx.compose.ui:ui-test-junit4:1.0.0-beta01] AndroidManifest.xml:25:9-27:48
33            android:name="androidx.activity.ComponentActivity"
33-->[androidx.compose.ui:ui-test-junit4:1.0.0-beta01] AndroidManifest.xml:26:13-63
34            android:theme="@style/TestTheme" />
34-->[androidx.compose.ui:ui-test-junit4:1.0.0-beta01] AndroidManifest.xml:27:13-45
35        <activity android:name="androidx.compose.ui.tooling.data.TestActivity" />
35-->[androidx.compose.ui:ui-tooling-data:1.0.0-beta01] AndroidManifest.xml:25:9-82
35-->[androidx.compose.ui:ui-tooling-data:1.0.0-beta01] AndroidManifest.xml:25:19-79
36
37        <provider
37-->[androidx.lifecycle:lifecycle-process:2.2.0] AndroidManifest.xml:25:9-29:43
38            android:name="androidx.lifecycle.ProcessLifecycleOwnerInitializer"
38-->[androidx.lifecycle:lifecycle-process:2.2.0] AndroidManifest.xml:26:13-79
39            android:authorities="com.mrea.dailyquote.androidApp.lifecycle-process"
39-->[androidx.lifecycle:lifecycle-process:2.2.0] AndroidManifest.xml:27:13-69
40            android:exported="false"
40-->[androidx.lifecycle:lifecycle-process:2.2.0] AndroidManifest.xml:28:13-37
41            android:multiprocess="true" />
41-->[androidx.lifecycle:lifecycle-process:2.2.0] AndroidManifest.xml:29:13-40
42
43        <activity
43-->[androidx.test:core:1.3.0] AndroidManifest.xml:27:9-33:20
44            android:name="androidx.test.core.app.InstrumentationActivityInvoker$BootstrapActivity"
44-->[androidx.test:core:1.3.0] AndroidManifest.xml:28:13-99
45            android:theme="@android:style/Theme" >
45-->[androidx.test:core:1.3.0] AndroidManifest.xml:29:13-49
46            <intent-filter>
46-->[androidx.test:core:1.3.0] AndroidManifest.xml:30:13-32:29
47                <action android:name="android.intent.action.MAIN" />
47-->src/main/AndroidManifest.xml:12:17-69
47-->src/main/AndroidManifest.xml:12:25-66
48            </intent-filter>
49        </activity>
50        <activity
50-->[androidx.test:core:1.3.0] AndroidManifest.xml:34:9-40:20
51            android:name="androidx.test.core.app.InstrumentationActivityInvoker$EmptyActivity"
51-->[androidx.test:core:1.3.0] AndroidManifest.xml:35:13-95
52            android:theme="@android:style/Theme" >
52-->[androidx.test:core:1.3.0] AndroidManifest.xml:36:13-49
53            <intent-filter>
53-->[androidx.test:core:1.3.0] AndroidManifest.xml:30:13-32:29
54                <action android:name="android.intent.action.MAIN" />
54-->src/main/AndroidManifest.xml:12:17-69
54-->src/main/AndroidManifest.xml:12:25-66
55            </intent-filter>
56        </activity>
57        <activity
57-->[androidx.test:core:1.3.0] AndroidManifest.xml:41:9-47:20
58            android:name="androidx.test.core.app.InstrumentationActivityInvoker$EmptyFloatingActivity"
58-->[androidx.test:core:1.3.0] AndroidManifest.xml:42:13-103
59            android:theme="@android:style/Theme.Dialog" >
59-->[androidx.test:core:1.3.0] AndroidManifest.xml:43:13-56
60            <intent-filter>
60-->[androidx.test:core:1.3.0] AndroidManifest.xml:30:13-32:29
61                <action android:name="android.intent.action.MAIN" />
61-->src/main/AndroidManifest.xml:12:17-69
61-->src/main/AndroidManifest.xml:12:25-66
62            </intent-filter>
63        </activity>
64    </application>
65
66</manifest>